This is pdfTeX, Version 3.1415926-2.4-1.40.13 (MiKTeX 2.9 64-bit) (preloaded format=pdflatex 2013.9.5)  25 APR 2014 16:12
entering extended mode
**Assignment2Main.tex

(C:\Users\Mikkel\Documents\ITU\Graphics\SIGB-Group67\assignment2\Report\Assignm
ent2Main.tex
LaTeX2e <2011/06/27>
Babel <v3.8m> and hyphenation patterns for english, afrikaans, ancientgreek, ar
abic, armenian, assamese, basque, bengali, bokmal, bulgarian, catalan, coptic, 
croatian, czech, danish, dutch, esperanto, estonian, farsi, finnish, french, ga
lician, german, german-x-2012-05-30, greek, gujarati, hindi, hungarian, iceland
ic, indonesian, interlingua, irish, italian, kannada, kurmanji, latin, latvian,
 lithuanian, malayalam, marathi, mongolian, mongolianlmc, monogreek, ngerman, n
german-x-2012-05-30, nynorsk, oriya, panjabi, pinyin, polish, portuguese, roman
ian, russian, sanskrit, serbian, slovak, slovenian, spanish, swedish, swissgerm
an, tamil, telugu, turkish, turkmen, ukenglish, ukrainian, uppersorbian, usengl
ishmax, welsh, loaded.
("C:\Program Files (x86)\MikTex\tex\latex\base\article.cls"
Document Class: article 2007/10/19 v1.4h Standard LaTeX document class
("C:\Program Files (x86)\MikTex\tex\latex\base\size10.clo"
File: size10.clo 2007/10/19 v1.4h Standard LaTeX file (size option)
)
\c@part=\count79
\c@section=\count80
\c@subsection=\count81
\c@subsubsection=\count82
\c@paragraph=\count83
\c@subparagraph=\count84
\c@figure=\count85
\c@table=\count86
\abovecaptionskip=\skip41
\belowcaptionskip=\skip42
\bibindent=\dimen102
)
("C:\Program Files (x86)\MikTex\tex\latex\graphics\graphicx.sty"
Package: graphicx 1999/02/16 v1.0f Enhanced LaTeX Graphics (DPC,SPQR)

("C:\Program Files (x86)\MikTex\tex\latex\graphics\keyval.sty"
Package: keyval 1999/03/16 v1.13 key=value parser (DPC)
\KV@toks@=\toks14
)
("C:\Program Files (x86)\MikTex\tex\latex\graphics\graphics.sty"
Package: graphics 2009/02/05 v1.0o Standard LaTeX Graphics (DPC,SPQR)

("C:\Program Files (x86)\MikTex\tex\latex\graphics\trig.sty"
Package: trig 1999/03/16 v1.09 sin cos tan (DPC)
)
("C:\Program Files (x86)\MikTex\tex\latex\00miktex\graphics.cfg"
File: graphics.cfg 2007/01/18 v1.5 graphics configuration of teTeX/TeXLive
)
Package graphics Info: Driver file: pdftex.def on input line 91.

("C:\Program Files (x86)\MikTex\tex\latex\pdftex-def\pdftex.def"
File: pdftex.def 2011/05/27 v0.06d Graphics/color for pdfTeX

("C:\Program Files (x86)\MikTex\tex\generic\oberdiek\infwarerr.sty"
Package: infwarerr 2010/04/08 v1.3 Providing info/warning/error messages (HO)
)
("C:\Program Files (x86)\MikTex\tex\generic\oberdiek\ltxcmds.sty"
Package: ltxcmds 2011/11/09 v1.22 LaTeX kernel commands for general use (HO)
)
\Gread@gobject=\count87
))
\Gin@req@height=\dimen103
\Gin@req@width=\dimen104
)
("C:\Program Files (x86)\MikTex\tex\latex\amsmath\amsmath.sty"
Package: amsmath 2013/01/14 v2.14 AMS math features
\@mathmargin=\skip43

For additional information on amsmath, use the `?' option.
("C:\Program Files (x86)\MikTex\tex\latex\amsmath\amstext.sty"
Package: amstext 2000/06/29 v2.01

("C:\Program Files (x86)\MikTex\tex\latex\amsmath\amsgen.sty"
File: amsgen.sty 1999/11/30 v2.0
\@emptytoks=\toks15
\ex@=\dimen105
))
("C:\Program Files (x86)\MikTex\tex\latex\amsmath\amsbsy.sty"
Package: amsbsy 1999/11/29 v1.2d
\pmbraise@=\dimen106
)
("C:\Program Files (x86)\MikTex\tex\latex\amsmath\amsopn.sty"
Package: amsopn 1999/12/14 v2.01 operator names
)
\inf@bad=\count88
LaTeX Info: Redefining \frac on input line 210.
\uproot@=\count89
\leftroot@=\count90
LaTeX Info: Redefining \overline on input line 306.
\classnum@=\count91
\DOTSCASE@=\count92
LaTeX Info: Redefining \ldots on input line 378.
LaTeX Info: Redefining \dots on input line 381.
LaTeX Info: Redefining \cdots on input line 466.
\Mathstrutbox@=\box26
\strutbox@=\box27
\big@size=\dimen107
LaTeX Font Info:    Redeclaring font encoding OML on input line 566.
LaTeX Font Info:    Redeclaring font encoding OMS on input line 567.
\macc@depth=\count93
\c@MaxMatrixCols=\count94
\dotsspace@=\muskip10
\c@parentequation=\count95
\dspbrk@lvl=\count96
\tag@help=\toks16
\row@=\count97
\column@=\count98
\maxfields@=\count99
\andhelp@=\toks17
\eqnshift@=\dimen108
\alignsep@=\dimen109
\tagshift@=\dimen110
\tagwidth@=\dimen111
\totwidth@=\dimen112
\lineht@=\dimen113
\@envbody=\toks18
\multlinegap=\skip44
\multlinetaggap=\skip45
\mathdisplay@stack=\toks19
LaTeX Info: Redefining \[ on input line 2665.
LaTeX Info: Redefining \] on input line 2666.
)
(C:\Users\Mikkel\Documents\ITU\Graphics\SIGB-Group67\assignment2\Report\Assignm
ent2Main.aux)
LaTeX Font Info:    Checking defaults for OML/cmm/m/it on input line 5.
LaTeX Font Info:    ... okay on input line 5.
LaTeX Font Info:    Checking defaults for T1/cmr/m/n on input line 5.
LaTeX Font Info:    ... okay on input line 5.
LaTeX Font Info:    Checking defaults for OT1/cmr/m/n on input line 5.
LaTeX Font Info:    ... okay on input line 5.
LaTeX Font Info:    Checking defaults for OMS/cmsy/m/n on input line 5.
LaTeX Font Info:    ... okay on input line 5.
LaTeX Font Info:    Checking defaults for OMX/cmex/m/n on input line 5.
LaTeX Font Info:    ... okay on input line 5.
LaTeX Font Info:    Checking defaults for U/cmr/m/n on input line 5.
LaTeX Font Info:    ... okay on input line 5.


LaTeX Warning: No \author given.

Missing character: There is no Ã in font cmr10!
Missing character: There is no ¸ in font cmr10!
[1

{C:/Users/Mikkel/AppData/Local/MiKTeX/2.9/pdftex/config/pdftex.map}]
(C:\Users\Mikkel\Documents\ITU\Graphics\SIGB-Group67\assignment2\Report\Assignm
ent2Main.toc)
\tf@toc=\write3
 [2]
(C:\Users\Mikkel\Documents\ITU\Graphics\SIGB-Group67\assignment2\Report\Introdu
ction.tex
Underfull \hbox (badness 10000) in paragraph at lines 2--3

 []


Underfull \hbox (badness 10000) in paragraph at lines 6--7

 []


Underfull \hbox (badness 10000) in paragraph at lines 8--9

 []


Underfull \hbox (badness 10000) in paragraph at lines 10--11

 []


Underfull \hbox (badness 10000) in paragraph at lines 12--13

 []


Underfull \hbox (badness 10000) in paragraph at lines 14--15

 []

[3])
(C:\Users\Mikkel\Documents\ITU\Graphics\SIGB-Group67\assignment2\Report\Solutio
n.tex
Underfull \hbox (badness 10000) in paragraph at lines 2--4

 []


Underfull \hbox (badness 10000) in paragraph at lines 6--7

 []


Underfull \hbox (badness 10000) in paragraph at lines 8--9

 []


Underfull \hbox (badness 10000) in paragraph at lines 10--11

 []


Underfull \hbox (badness 10000) in paragraph at lines 12--13

 []


Underfull \hbox (badness 10000) in paragraph at lines 14--16

 []

<images/viewpointdifference.png, id=17, 319.1925pt x 154.32657pt>
File: images/viewpointdifference.png Graphic file (type png)

<use images/viewpointdifference.png>
Package pdftex.def Info: images/viewpointdifference.png used on input line 19.
(pdftex.def)             Requested size: 287.27058pt x 138.89261pt.

Underfull \hbox (badness 10000) in paragraph at lines 24--25

 []

[4] [5 <C:/Users/Mikkel/Documents/ITU/Graphics/SIGB-Group67/assignment2/Report/
images/viewpointdifference.png>]
<images/texture_simple.png, id=30, 237.88875pt x 190.46156pt>
File: images/texture_simple.png Graphic file (type png)

<use images/texture_simple.png>
Package pdftex.def Info: images/texture_simple.png used on input line 42.
(pdftex.def)             Requested size: 237.88815pt x 190.46107pt.

<images/texture_projection.png, id=32, 240.9pt x 190.46156pt>
File: images/texture_projection.png Graphic file (type png)

<use images/texture_projection.png>
Package pdftex.def Info: images/texture_projection.png used on input line 50.
(pdftex.def)             Requested size: 240.8994pt x 190.46107pt.
 [6 <C:/Users/Mikkel/Documents/ITU/Graphics/SIGB-Group67/assignment2/Report/ima
ges/texture_simple.png>]
<images/projection_p1.jpg, id=37, 1109.14375pt x 723.70375pt>
File: images/projection_p1.jpg Graphic file (type jpg)

<use images/projection_p1.jpg>
Package pdftex.def Info: images/projection_p1.jpg used on input line 60.
(pdftex.def)             Requested size: 332.7457pt x 217.1128pt.
 [7 <C:/Users/Mikkel/Documents/ITU/Graphics/SIGB-Group67/assignment2/Report/ima
ges/texture_projection.png>]
<images/p2_method2.jpg, id=43, 887.315pt x 534.99875pt>
File: images/p2_method2.jpg Graphic file (type jpg)

<use images/p2_method2.jpg>
Package pdftex.def Info: images/p2_method2.jpg used on input line 71.
(pdftex.def)             Requested size: 266.19655pt x 160.50085pt.
 [8 <C:/Users/Mikkel/Documents/ITU/Graphics/SIGB-Group67/assignment2/Report/ima
ges/projection_p1.jpg>] [9 <C:/Users/Mikkel/Documents/ITU/Graphics/SIGB-Group67
/assignment2/Report/images/p2_method2.jpg>])
(C:\Users\Mikkel\Documents\ITU\Graphics\SIGB-Group67\assignment2\Report\Discuss
ion.tex [10]) [11]
(C:\Users\Mikkel\Documents\ITU\Graphics\SIGB-Group67\assignment2\Report\Assignm
ent2Main.aux) ) 
Here is how much of TeX's memory you used:
 1483 strings out of 493921
 19563 string characters out of 3146478
 79304 words of memory out of 3000000
 4783 multiletter control sequences out of 15000+200000
 9376 words of font info for 34 fonts, out of 3000000 for 9000
 841 hyphenation exceptions out of 8191
 27i,7n,20p,1157b,222s stack positions out of 5000i,500n,10000p,200000b,50000s
<C:/Program Files (x86)/MikTex/fonts/type1/public/amsfonts/cm/cm
bx10.pfb><C:/Program Files (x86)/MikTex/fonts/type1/public/amsfonts/cm/cmbx12.p
fb><C:/Program Files (x86)/MikTex/fonts/type1/public/amsfonts/cm/cmex10.pfb><C:
/Program Files (x86)/MikTex/fonts/type1/public/amsfonts/cm/cmmi10.pfb><C:/Progr
am Files (x86)/MikTex/fonts/type1/public/amsfonts/cm/cmmi5.pfb><C:/Program File
s (x86)/MikTex/fonts/type1/public/amsfonts/cm/cmmi7.pfb><C:/Program Files (x86)
/MikTex/fonts/type1/public/amsfonts/cm/cmr10.pfb><C:/Program Files (x86)/MikTex
/fonts/type1/public/amsfonts/cm/cmr12.pfb><C:/Program Files (x86)/MikTex/fonts/
type1/public/amsfonts/cm/cmr17.pfb><C:/Program Files (x86)/MikTex/fonts/type1/p
ublic/amsfonts/cm/cmr7.pfb><C:/Program Files (x86)/MikTex/fonts/type1/public/am
sfonts/cm/cmsl10.pfb><C:/Program Files (x86)/MikTex/fonts/type1/public/amsfonts
/cm/cmsy10.pfb>
Output written on Assignment2Main.pdf (11 pages, 904114 bytes).
PDF statistics:
 94 PDF objects out of 1000 (max. 8388607)
 0 named destinations out of 1000 (max. 500000)
 26 words of extra memory for PDF output out of 10000 (max. 10000000)

